::1 - - [30/Jun/2025 11:52:23] "GET / HTTP/1.1" 200 -
::1 - - [30/Jun/2025 11:52:34] "GET /script.js HTTP/1.1" 200 -
::1 - - [30/Jun/2025 11:52:39] "GET /ASCIIText.js HTTP/1.1" 200 -
::1 - - [30/Jun/2025 11:52:45] "GET / HTTP/1.1" 200 -
::1 - - [30/Jun/2025 11:52:50] "GET / HTTP/1.1" 200 -
::1 - - [30/Jun/2025 11:53:08] "GET /test-imports.html HTTP/1.1" 200 -
::1 - - [30/Jun/2025 11:53:26] "GET / HTTP/1.1" 200 -
::1 - - [30/Jun/2025 12:01:29] "GET / HTTP/1.1" 200 -
::1 - - [30/Jun/2025 12:01:34] "GET / HTTP/1.1" 200 -
::1 - - [30/Jun/2025 12:01:59] "GET / HTTP/1.1" 200 -
::1 - - [30/Jun/2025 12:01:59] "GET /style.css HTTP/1.1" 200 -
::1 - - [30/Jun/2025 12:01:59] "GET /script.js HTTP/1.1" 200 -
::1 - - [30/Jun/2025 12:01:59] "GET /ASCIIText.js HTTP/1.1" 200 -
::1 - - [30/Jun/2025 12:02:00] "GET /$1.svg HTTP/1.1" 200 -
::1 - - [30/Jun/2025 12:08:07] "GET / HTTP/1.1" 200 -
::1 - - [30/Jun/2025 12:09:07] "GET / HTTP/1.1" 200 -
::1 - - [30/Jun/2025 12:09:07] "GET /style.css HTTP/1.1" 200 -
::1 - - [30/Jun/2025 12:09:07] "GET /script.js HTTP/1.1" 200 -
::1 - - [30/Jun/2025 12:09:07] "GET /ASCIIText.js HTTP/1.1" 304 -
::1 - - [30/Jun/2025 12:12:37] "GET / HTTP/1.1" 200 -
::1 - - [30/Jun/2025 12:12:37] "GET /style.css HTTP/1.1" 304 -
::1 - - [30/Jun/2025 12:12:37] "GET /script.js HTTP/1.1" 200 -
::1 - - [30/Jun/2025 12:12:37] "GET /ASCIIText.js HTTP/1.1" 304 -
